<?xml version="1.0" encoding="UTF-8"?>
<!-- Generated by org.testng.reporters.JUnitXMLReporter -->
<testsuite ignored="0" hostname="MLBSRL-20159" failures="1" tests="1" name="Default test(failed)" time="7.052" errors="0" timestamp="06 Sep 2018 14:39:07 GMT">
  <testcase classname="SeleniumSessions.GoogleTitleTest" name="TestTiltle" time="0.024">
    <failure type="java.lang.AssertionError" message="The title is not matched expected [Googl] but found [Google]">
      <![CDATA[java.lang.AssertionError: The title is not matched expected [Googl] but found [Google]
at SeleniumSessions.GoogleTitleTest.TestTiltle(GoogleTitleTest.java:31)
... Removed 30 stack frames]]>
    </failure>
  </testcase> <!-- TestTiltle -->
</testsuite> <!-- Default test(failed) -->
